c:\users\jlp\desktop\tetricrisis_4_110percent_a.i._turbo.git\tetricrisis_4_110percent_a.i._turbo.git\x64\release\vc142.pdb
c:\users\jlp\desktop\tetricrisis_4_110percent_a.i._turbo.git\tetricrisis_4_110percent_a.i._turbo.git\x64\release\visuals.obj
c:\users\jlp\desktop\tetricrisis_4_110percent_a.i._turbo.git\tetricrisis_4_110percent_a.i._turbo.git\x64\release\screens.obj
c:\users\jlp\desktop\tetricrisis_4_110percent_a.i._turbo.git\tetricrisis_4_110percent_a.i._turbo.git\x64\release\main.obj
c:\users\jlp\desktop\tetricrisis_4_110percent_a.i._turbo.git\tetricrisis_4_110percent_a.i._turbo.git\x64\release\logic.obj
c:\users\jlp\desktop\tetricrisis_4_110percent_a.i._turbo.git\tetricrisis_4_110percent_a.i._turbo.git\x64\release\interface.obj
c:\users\jlp\desktop\tetricrisis_4_110percent_a.i._turbo.git\tetricrisis_4_110percent_a.i._turbo.git\x64\release\input.obj
c:\users\jlp\desktop\tetricrisis_4_110percent_a.i._turbo.git\tetricrisis_4_110percent_a.i._turbo.git\x64\release\data.obj
c:\users\jlp\desktop\tetricrisis_4_110percent_a.i._turbo.git\tetricrisis_4_110percent_a.i._turbo.git\x64\release\audio.obj
c:\users\jlp\desktop\tetricrisis_4_110percent_a.i._turbo.git\doubleclickthistorun.exe
c:\users\jlp\desktop\tetricrisis_4_110percent_a.i._turbo.git\tetricrisis_4_110percent_a.i._turbo.git\x64\release\doubleclickthistorun.ipdb
c:\users\jlp\desktop\tetricrisis_4_110percent_a.i._turbo.git\tetricrisis_4_110percent_a.i._turbo.git\x64\release\doubleclickthistorun.iobj
c:\users\jlp\desktop\tetricrisis_4_110percent_a.i._turbo.git\doubleclickthistorun.pdb
c:\users\jlp\desktop\tetricrisis_4_110percent_a.i._turbo.git\tetricrisis_4_110percent_a.i._turbo.git\x64\release\resources.res
c:\users\jlp\desktop\tetricrisis_4_110percent_a.i._turbo.git\tetricrisis_4_110percent_a.i._turbo.git\x64\release\tetricri.8df54abc.tlog\cl.command.1.tlog
c:\users\jlp\desktop\tetricrisis_4_110percent_a.i._turbo.git\tetricrisis_4_110percent_a.i._turbo.git\x64\release\tetricri.8df54abc.tlog\cl.read.1.tlog
c:\users\jlp\desktop\tetricrisis_4_110percent_a.i._turbo.git\tetricrisis_4_110percent_a.i._turbo.git\x64\release\tetricri.8df54abc.tlog\cl.write.1.tlog
c:\users\jlp\desktop\tetricrisis_4_110percent_a.i._turbo.git\tetricrisis_4_110percent_a.i._turbo.git\x64\release\tetricri.8df54abc.tlog\link.command.1.tlog
c:\users\jlp\desktop\tetricrisis_4_110percent_a.i._turbo.git\tetricrisis_4_110percent_a.i._turbo.git\x64\release\tetricri.8df54abc.tlog\link.read.1.tlog
c:\users\jlp\desktop\tetricrisis_4_110percent_a.i._turbo.git\tetricrisis_4_110percent_a.i._turbo.git\x64\release\tetricri.8df54abc.tlog\link.write.1.tlog
c:\users\jlp\desktop\tetricrisis_4_110percent_a.i._turbo.git\tetricrisis_4_110percent_a.i._turbo.git\x64\release\tetricri.8df54abc.tlog\rc.command.1.tlog
c:\users\jlp\desktop\tetricrisis_4_110percent_a.i._turbo.git\tetricrisis_4_110percent_a.i._turbo.git\x64\release\tetricri.8df54abc.tlog\rc.read.1.tlog
c:\users\jlp\desktop\tetricrisis_4_110percent_a.i._turbo.git\tetricrisis_4_110percent_a.i._turbo.git\x64\release\tetricri.8df54abc.tlog\rc.write.1.tlog
