c:\users\jlp\desktop\tetricrisis_4_110percent_a.i._turbo.git\tetricrisis_4_110percent_a.i._turbo.git\x64\debug\vc142.pdb
c:\users\jlp\desktop\tetricrisis_4_110percent_a.i._turbo.git\tetricrisis_4_110percent_a.i._turbo.git\x64\debug\vc142.idb
c:\users\jlp\desktop\tetricrisis_4_110percent_a.i._turbo.git\tetricrisis_4_110percent_a.i._turbo.git\x64\debug\visuals.obj
c:\users\jlp\desktop\tetricrisis_4_110percent_a.i._turbo.git\tetricrisis_4_110percent_a.i._turbo.git\x64\debug\screens.obj
c:\users\jlp\desktop\tetricrisis_4_110percent_a.i._turbo.git\tetricrisis_4_110percent_a.i._turbo.git\x64\debug\main.obj
c:\users\jlp\desktop\tetricrisis_4_110percent_a.i._turbo.git\tetricrisis_4_110percent_a.i._turbo.git\x64\debug\logic.obj
c:\users\jlp\desktop\tetricrisis_4_110percent_a.i._turbo.git\tetricrisis_4_110percent_a.i._turbo.git\x64\debug\interface.obj
c:\users\jlp\desktop\tetricrisis_4_110percent_a.i._turbo.git\tetricrisis_4_110percent_a.i._turbo.git\x64\debug\input.obj
c:\users\jlp\desktop\tetricrisis_4_110percent_a.i._turbo.git\tetricrisis_4_110percent_a.i._turbo.git\x64\debug\data.obj
c:\users\jlp\desktop\tetricrisis_4_110percent_a.i._turbo.git\tetricrisis_4_110percent_a.i._turbo.git\x64\debug\audio.obj
c:\users\jlp\desktop\tetricrisis_4_110percent_a.i._turbo.git\tetricrisis_4_110percent_a.i._turbo.git\x64\debug\tetricrisis_4_110percent_a.i._turbo.git.ilk
c:\users\jlp\desktop\tetricrisis_4_110percent_a.i._turbo.git\tetricrisis_4_110percent_a.i._turbo.git.exe
c:\users\jlp\desktop\tetricrisis_4_110percent_a.i._turbo.git\tetricrisis_4_110percent_a.i._turbo.git.pdb
c:\users\jlp\desktop\tetricrisis_4_110percent_a.i._turbo.git\tetricrisis_4_110percent_a.i._turbo.git\x64\debug\resources.res
c:\users\jlp\desktop\tetricrisis_4_110percent_a.i._turbo.git\\tetricrisis_4_110percent_a.i._turbo.git.pdb
c:\users\jlp\desktop\tetricrisis_4_110percent_a.i._turbo.git\tetricrisis_4_110percent_a.i._turbo.git\x64\debug\tetricri.8df54abc.tlog\cl.command.1.tlog
c:\users\jlp\desktop\tetricrisis_4_110percent_a.i._turbo.git\tetricrisis_4_110percent_a.i._turbo.git\x64\debug\tetricri.8df54abc.tlog\cl.read.1.tlog
c:\users\jlp\desktop\tetricrisis_4_110percent_a.i._turbo.git\tetricrisis_4_110percent_a.i._turbo.git\x64\debug\tetricri.8df54abc.tlog\cl.write.1.tlog
c:\users\jlp\desktop\tetricrisis_4_110percent_a.i._turbo.git\tetricrisis_4_110percent_a.i._turbo.git\x64\debug\tetricri.8df54abc.tlog\link.command.1.tlog
c:\users\jlp\desktop\tetricrisis_4_110percent_a.i._turbo.git\tetricrisis_4_110percent_a.i._turbo.git\x64\debug\tetricri.8df54abc.tlog\link.read.1.tlog
c:\users\jlp\desktop\tetricrisis_4_110percent_a.i._turbo.git\tetricrisis_4_110percent_a.i._turbo.git\x64\debug\tetricri.8df54abc.tlog\link.write.1.tlog
c:\users\jlp\desktop\tetricrisis_4_110percent_a.i._turbo.git\tetricrisis_4_110percent_a.i._turbo.git\x64\debug\tetricri.8df54abc.tlog\rc.command.1.tlog
c:\users\jlp\desktop\tetricrisis_4_110percent_a.i._turbo.git\tetricrisis_4_110percent_a.i._turbo.git\x64\debug\tetricri.8df54abc.tlog\rc.read.1.tlog
c:\users\jlp\desktop\tetricrisis_4_110percent_a.i._turbo.git\tetricrisis_4_110percent_a.i._turbo.git\x64\debug\tetricri.8df54abc.tlog\rc.write.1.tlog
